CRITICAL - 2025-10-23 08:49:35 --> CodeIgniter\View\Exceptions\ViewException: Invalid file: "salle1\HeaderSalle1.php"
[Method: GET, Route: Salle1]
in SYSTEMPATH\Exceptions\FrameworkException.php on line 39.
 1 SYSTEMPATH\View\View.php(214): CodeIgniter\Exceptions\FrameworkException::forInvalidFile('salle1\\HeaderSalle1.php')
 2 SYSTEMPATH\Common.php(1167): CodeIgniter\View\View->render('salle1\\HeaderSalle1', [], true)
 3 APPPATH\Controllers\accueil\AccueilController.php(16): view('salle1\\HeaderSalle1')
 4 SYSTEMPATH\CodeIgniter.php(933): App\Controllers\accueil\AccueilController->Salle1()
 5 SYSTEMPATH\CodeIgniter.php(507): CodeIgniter\CodeIgniter->runController(Object(App\Controllers\accueil\AccueilController))
 6 SYSTEMPATH\CodeIgniter.php(354): CodeIgniter\CodeIgniter->handleRequest(null, Object(Config\Cache), false)
 7 SYSTEMPATH\Boot.php(363): CodeIgniter\CodeIgniter->run()
 8 SYSTEMPATH\Boot.php(68): CodeIgniter\Boot::runCodeIgniter(Object(CodeIgniter\CodeIgniter))
 9 FCPATH\index.php(59): CodeIgniter\Boot::bootWeb(Object(Config\Paths))
CRITICAL - 2025-10-23 08:50:28 --> CodeIgniter\View\Exceptions\ViewException: Invalid file: "salle1\HeaderSalle1.php"
[Method: GET, Route: Salle1]
in SYSTEMPATH\Exceptions\FrameworkException.php on line 39.
 1 SYSTEMPATH\View\View.php(214): CodeIgniter\Exceptions\FrameworkException::forInvalidFile('salle1\\HeaderSalle1.php')
 2 SYSTEMPATH\Common.php(1167): CodeIgniter\View\View->render('salle1\\HeaderSalle1', [], true)
 3 APPPATH\Controllers\accueil\AccueilController.php(16): view('salle1\\HeaderSalle1')
 4 SYSTEMPATH\CodeIgniter.php(933): App\Controllers\accueil\AccueilController->Salle1()
 5 SYSTEMPATH\CodeIgniter.php(507): CodeIgniter\CodeIgniter->runController(Object(App\Controllers\accueil\AccueilController))
 6 SYSTEMPATH\CodeIgniter.php(354): CodeIgniter\CodeIgniter->handleRequest(null, Object(Config\Cache), false)
 7 SYSTEMPATH\Boot.php(363): CodeIgniter\CodeIgniter->run()
 8 SYSTEMPATH\Boot.php(68): CodeIgniter\Boot::runCodeIgniter(Object(CodeIgniter\CodeIgniter))
 9 FCPATH\index.php(59): CodeIgniter\Boot::bootWeb(Object(Config\Paths))
