CRITICAL - 2025-10-21 06:37:27 --> CodeIgniter\Database\Exceptions\DatabaseException: You must set the database table to be used with your query.
[Method: GET, Route: mascotte]
in SYSTEMPATH\Database\BaseConnection.php on line 944.
 1 SYSTEMPATH\Model.php(713): CodeIgniter\Database\BaseConnection->table(null)
 2 SYSTEMPATH\Model.php(917): CodeIgniter\Model->builder()
 3 APPPATH\Controllers\salle_5\Salle5Controller.php(25): CodeIgniter\Model->__call('getObjet', [...])
 4 SYSTEMPATH\CodeIgniter.php(933): App\Controllers\salle_5\Salle5Controller->index()
 5 SYSTEMPATH\CodeIgniter.php(507): CodeIgniter\CodeIgniter->runController(Object(App\Controllers\salle_5\Salle5Controller))
 6 SYSTEMPATH\CodeIgniter.php(354): CodeIgniter\CodeIgniter->handleRequest(null, Object(Config\Cache), false)
 7 SYSTEMPATH\Boot.php(363): CodeIgniter\CodeIgniter->run()
 8 SYSTEMPATH\Boot.php(68): CodeIgniter\Boot::runCodeIgniter(Object(CodeIgniter\CodeIgniter))
 9 FCPATH\index.php(59): CodeIgniter\Boot::bootWeb(Object(Config\Paths))
CRITICAL - 2025-10-21 07:11:11 --> ErrorException: Undefined array key "usb_finance"
[Method: GET, Route: mascotte]
in APPPATH\Views\salle_5\Enigme.php on line 14.
 1 APPPATH\Views\salle_5\Enigme.php(14): CodeIgniter\Debug\Exceptions->errorHandler(2, 'Undefined array key "usb_finance"', 'C:\\wamp64\\www\\ProjetMadeInValDeLoire\\app\\Views\\salle_5\\Enigme.php', 14)
 2 SYSTEMPATH\View\View.php(226): include('C:\\wamp64\\www\\ProjetMadeInValDeLoire\\app\\Views\\salle_5\\Enigme.php')
 3 SYSTEMPATH\View\View.php(229): CodeIgniter\View\View->CodeIgniter\View\{closure}()
 4 SYSTEMPATH\Common.php(1167): CodeIgniter\View\View->render('salle_5\\Enigme', [], true)
 5 APPPATH\Controllers\salle_5\Salle5Controller.php(27): view('salle_5\\Enigme', [...])
 6 SYSTEMPATH\CodeIgniter.php(933): App\Controllers\salle_5\Salle5Controller->index()
 7 SYSTEMPATH\CodeIgniter.php(507): CodeIgniter\CodeIgniter->runController(Object(App\Controllers\salle_5\Salle5Controller))
 8 SYSTEMPATH\CodeIgniter.php(354): CodeIgniter\CodeIgniter->handleRequest(null, Object(Config\Cache), false)
 9 SYSTEMPATH\Boot.php(363): CodeIgniter\CodeIgniter->run()
10 SYSTEMPATH\Boot.php(68): CodeIgniter\Boot::runCodeIgniter(Object(CodeIgniter\CodeIgniter))
11 FCPATH\index.php(59): CodeIgniter\Boot::bootWeb(Object(Config\Paths))
CRITICAL - 2025-10-21 07:14:11 --> ErrorException: Undefined property: stdClass::$usb_finance
[Method: GET, Route: mascotte]
in APPPATH\Views\salle_5\Enigme.php on line 14.
 1 APPPATH\Views\salle_5\Enigme.php(14): CodeIgniter\Debug\Exceptions->errorHandler(2, 'Undefined property: stdClass::$usb_finance', 'C:\\wamp64\\www\\ProjetMadeInValDeLoire\\app\\Views\\salle_5\\Enigme.php', 14)
 2 SYSTEMPATH\View\View.php(226): include('C:\\wamp64\\www\\ProjetMadeInValDeLoire\\app\\Views\\salle_5\\Enigme.php')
 3 SYSTEMPATH\View\View.php(229): CodeIgniter\View\View->CodeIgniter\View\{closure}()
 4 SYSTEMPATH\Common.php(1167): CodeIgniter\View\View->render('salle_5\\Enigme', [], true)
 5 APPPATH\Controllers\salle_5\Salle5Controller.php(27): view('salle_5\\Enigme', [...])
 6 SYSTEMPATH\CodeIgniter.php(933): App\Controllers\salle_5\Salle5Controller->index()
 7 SYSTEMPATH\CodeIgniter.php(507): CodeIgniter\CodeIgniter->runController(Object(App\Controllers\salle_5\Salle5Controller))
 8 SYSTEMPATH\CodeIgniter.php(354): CodeIgniter\CodeIgniter->handleRequest(null, Object(Config\Cache), false)
 9 SYSTEMPATH\Boot.php(363): CodeIgniter\CodeIgniter->run()
10 SYSTEMPATH\Boot.php(68): CodeIgniter\Boot::runCodeIgniter(Object(CodeIgniter\CodeIgniter))
11 FCPATH\index.php(59): CodeIgniter\Boot::bootWeb(Object(Config\Paths))
CRITICAL - 2025-10-21 07:14:50 --> Error: Cannot use object of type stdClass as array
[Method: GET, Route: mascotte]
in APPPATH\Views\salle_5\Enigme.php on line 18.
 1 SYSTEMPATH\View\View.php(226): include()
 2 SYSTEMPATH\View\View.php(229): CodeIgniter\View\View->CodeIgniter\View\{closure}()
 3 SYSTEMPATH\Common.php(1167): CodeIgniter\View\View->render('salle_5\\Enigme', [], true)
 4 APPPATH\Controllers\salle_5\Salle5Controller.php(27): view('salle_5\\Enigme', [...])
 5 SYSTEMPATH\CodeIgniter.php(933): App\Controllers\salle_5\Salle5Controller->index()
 6 SYSTEMPATH\CodeIgniter.php(507): CodeIgniter\CodeIgniter->runController(Object(App\Controllers\salle_5\Salle5Controller))
 7 SYSTEMPATH\CodeIgniter.php(354): CodeIgniter\CodeIgniter->handleRequest(null, Object(Config\Cache), false)
 8 SYSTEMPATH\Boot.php(363): CodeIgniter\CodeIgniter->run()
 9 SYSTEMPATH\Boot.php(68): CodeIgniter\Boot::runCodeIgniter(Object(CodeIgniter\CodeIgniter))
10 FCPATH\index.php(59): CodeIgniter\Boot::bootWeb(Object(Config\Paths))
CRITICAL - 2025-10-21 07:19:19 --> Error: Cannot use object of type stdClass as array
[Method: GET, Route: mascotte]
in APPPATH\Views\salle_5\Enigme.php on line 42.
 1 SYSTEMPATH\View\View.php(226): include()
 2 SYSTEMPATH\View\View.php(229): CodeIgniter\View\View->CodeIgniter\View\{closure}()
 3 SYSTEMPATH\Common.php(1167): CodeIgniter\View\View->render('salle_5\\Enigme', [], true)
 4 APPPATH\Controllers\salle_5\Salle5Controller.php(30): view('salle_5\\Enigme', [...])
 5 SYSTEMPATH\CodeIgniter.php(933): App\Controllers\salle_5\Salle5Controller->index()
 6 SYSTEMPATH\CodeIgniter.php(507): CodeIgniter\CodeIgniter->runController(Object(App\Controllers\salle_5\Salle5Controller))
 7 SYSTEMPATH\CodeIgniter.php(354): CodeIgniter\CodeIgniter->handleRequest(null, Object(Config\Cache), false)
 8 SYSTEMPATH\Boot.php(363): CodeIgniter\CodeIgniter->run()
 9 SYSTEMPATH\Boot.php(68): CodeIgniter\Boot::runCodeIgniter(Object(CodeIgniter\CodeIgniter))
10 FCPATH\index.php(59): CodeIgniter\Boot::bootWeb(Object(Config\Paths))
CRITICAL - 2025-10-21 07:36:15 --> ErrorException: Undefined variable $activite
[Method: GET, Route: mascotte]
in APPPATH\Views\salle_5\Enigme.php on line 7.
 1 APPPATH\Views\salle_5\Enigme.php(7): CodeIgniter\Debug\Exceptions->errorHandler(2, 'Undefined variable $activite', 'C:\\wamp64\\www\\ProjetMadeInValDeLoire\\app\\Views\\salle_5\\Enigme.php', 7)
 2 SYSTEMPATH\View\View.php(226): include('C:\\wamp64\\www\\ProjetMadeInValDeLoire\\app\\Views\\salle_5\\Enigme.php')
 3 SYSTEMPATH\View\View.php(229): CodeIgniter\View\View->CodeIgniter\View\{closure}()
 4 SYSTEMPATH\Common.php(1167): CodeIgniter\View\View->render('salle_5\\Enigme', [], true)
 5 APPPATH\Controllers\salle_5\Salle5Controller.php(30): view('salle_5\\Enigme', [...])
 6 SYSTEMPATH\CodeIgniter.php(933): App\Controllers\salle_5\Salle5Controller->index()
 7 SYSTEMPATH\CodeIgniter.php(507): CodeIgniter\CodeIgniter->runController(Object(App\Controllers\salle_5\Salle5Controller))
 8 SYSTEMPATH\CodeIgniter.php(354): CodeIgniter\CodeIgniter->handleRequest(null, Object(Config\Cache), false)
 9 SYSTEMPATH\Boot.php(363): CodeIgniter\CodeIgniter->run()
10 SYSTEMPATH\Boot.php(68): CodeIgniter\Boot::runCodeIgniter(Object(CodeIgniter\CodeIgniter))
11 FCPATH\index.php(59): CodeIgniter\Boot::bootWeb(Object(Config\Paths))
CRITICAL - 2025-10-21 12:41:06 --> ErrorException: Undefined variable $enigme
[Method: GET, Route: mascotte]
in APPPATH\Views\salle_5\Enigme.php on line 7.
 1 APPPATH\Views\salle_5\Enigme.php(7): CodeIgniter\Debug\Exceptions->errorHandler(2, 'Undefined variable $enigme', 'C:\\wamp64\\www\\ProjetMadeInValDeLoire\\app\\Views\\salle_5\\Enigme.php', 7)
 2 SYSTEMPATH\View\View.php(226): include('C:\\wamp64\\www\\ProjetMadeInValDeLoire\\app\\Views\\salle_5\\Enigme.php')
 3 SYSTEMPATH\View\View.php(229): CodeIgniter\View\View->CodeIgniter\View\{closure}()
 4 SYSTEMPATH\Common.php(1167): CodeIgniter\View\View->render('salle_5\\Enigme', [], true)
 5 APPPATH\Controllers\salle_5\Salle5Controller.php(26): view('salle_5\\Enigme', [...])
 6 SYSTEMPATH\CodeIgniter.php(933): App\Controllers\salle_5\Salle5Controller->index()
 7 SYSTEMPATH\CodeIgniter.php(507): CodeIgniter\CodeIgniter->runController(Object(App\Controllers\salle_5\Salle5Controller))
 8 SYSTEMPATH\CodeIgniter.php(354): CodeIgniter\CodeIgniter->handleRequest(null, Object(Config\Cache), false)
 9 SYSTEMPATH\Boot.php(363): CodeIgniter\CodeIgniter->run()
10 SYSTEMPATH\Boot.php(68): CodeIgniter\Boot::runCodeIgniter(Object(CodeIgniter\CodeIgniter))
11 FCPATH\index.php(59): CodeIgniter\Boot::bootWeb(Object(Config\Paths))
CRITICAL - 2025-10-21 12:41:14 --> ErrorException: Undefined variable $enigme
[Method: GET, Route: mascotte]
in APPPATH\Views\salle_5\Enigme.php on line 7.
 1 APPPATH\Views\salle_5\Enigme.php(7): CodeIgniter\Debug\Exceptions->errorHandler(2, 'Undefined variable $enigme', 'C:\\wamp64\\www\\ProjetMadeInValDeLoire\\app\\Views\\salle_5\\Enigme.php', 7)
 2 SYSTEMPATH\View\View.php(226): include('C:\\wamp64\\www\\ProjetMadeInValDeLoire\\app\\Views\\salle_5\\Enigme.php')
 3 SYSTEMPATH\View\View.php(229): CodeIgniter\View\View->CodeIgniter\View\{closure}()
 4 SYSTEMPATH\Common.php(1167): CodeIgniter\View\View->render('salle_5\\Enigme', [], true)
 5 APPPATH\Controllers\salle_5\Salle5Controller.php(26): view('salle_5\\Enigme', [...])
 6 SYSTEMPATH\CodeIgniter.php(933): App\Controllers\salle_5\Salle5Controller->index()
 7 SYSTEMPATH\CodeIgniter.php(507): CodeIgniter\CodeIgniter->runController(Object(App\Controllers\salle_5\Salle5Controller))
 8 SYSTEMPATH\CodeIgniter.php(354): CodeIgniter\CodeIgniter->handleRequest(null, Object(Config\Cache), false)
 9 SYSTEMPATH\Boot.php(363): CodeIgniter\CodeIgniter->run()
10 SYSTEMPATH\Boot.php(68): CodeIgniter\Boot::runCodeIgniter(Object(CodeIgniter\CodeIgniter))
11 FCPATH\index.php(59): CodeIgniter\Boot::bootWeb(Object(Config\Paths))
CRITICAL - 2025-10-21 12:44:21 --> ErrorException: Undefined variable $enigme
[Method: GET, Route: mascotte]
in APPPATH\Views\salle_5\Enigme.php on line 7.
 1 APPPATH\Views\salle_5\Enigme.php(7): CodeIgniter\Debug\Exceptions->errorHandler(2, 'Undefined variable $enigme', 'C:\\wamp64\\www\\ProjetMadeInValDeLoire\\app\\Views\\salle_5\\Enigme.php', 7)
 2 SYSTEMPATH\View\View.php(226): include('C:\\wamp64\\www\\ProjetMadeInValDeLoire\\app\\Views\\salle_5\\Enigme.php')
 3 SYSTEMPATH\View\View.php(229): CodeIgniter\View\View->CodeIgniter\View\{closure}()
 4 SYSTEMPATH\Common.php(1167): CodeIgniter\View\View->render('salle_5\\Enigme', [], true)
 5 APPPATH\Controllers\salle_5\Salle5Controller.php(26): view('salle_5\\Enigme', [...])
 6 SYSTEMPATH\CodeIgniter.php(933): App\Controllers\salle_5\Salle5Controller->index()
 7 SYSTEMPATH\CodeIgniter.php(507): CodeIgniter\CodeIgniter->runController(Object(App\Controllers\salle_5\Salle5Controller))
 8 SYSTEMPATH\CodeIgniter.php(354): CodeIgniter\CodeIgniter->handleRequest(null, Object(Config\Cache), false)
 9 SYSTEMPATH\Boot.php(363): CodeIgniter\CodeIgniter->run()
10 SYSTEMPATH\Boot.php(68): CodeIgniter\Boot::runCodeIgniter(Object(CodeIgniter\CodeIgniter))
11 FCPATH\index.php(59): CodeIgniter\Boot::bootWeb(Object(Config\Paths))
