DEBUG - 2025-11-04 19:29:50 --> Session: Class initialized using 'CodeIgniter\Session\Handlers\FileHandler' driver.
DEBUG - 2025-11-04 19:30:02 --> Session: Class initialized using 'CodeIgniter\Session\Handlers\FileHandler' driver.
DEBUG - 2025-11-04 19:32:16 --> Session: Class initialized using 'CodeIgniter\Session\Handlers\FileHandler' driver.
DEBUG - 2025-11-04 19:32:17 --> Session: Class initialized using 'CodeIgniter\Session\Handlers\FileHandler' driver.
DEBUG - 2025-11-04 19:32:21 --> Session: Class initialized using 'CodeIgniter\Session\Handlers\FileHandler' driver.
DEBUG - 2025-11-04 19:32:25 --> Session: Class initialized using 'CodeIgniter\Session\Handlers\FileHandler' driver.
DEBUG - 2025-11-04 19:32:29 --> Session: Class initialized using 'CodeIgniter\Session\Handlers\FileHandler' driver.
DEBUG - 2025-11-04 19:32:33 --> Session: Class initialized using 'CodeIgniter\Session\Handlers\FileHandler' driver.
DEBUG - 2025-11-04 19:32:36 --> Session: Class initialized using 'CodeIgniter\Session\Handlers\FileHandler' driver.
CRITICAL - 2025-11-04 19:32:36 --> ErrorException: Attempt to read property "explication_2" on null
[Method: GET, Route: enigme/6]
in APPPATH\Views\salle_5\Enigme.php on line 10.
 1 APPPATH\Views\salle_5\Enigme.php(10): CodeIgniter\Debug\Exceptions->errorHandler(2, 'Attempt to read property "explication_2" on null', 'C:\\wamp64\\www\\ProjetMadeInValDeLoire\\app\\Views\\salle_5\\Enigme.php', 10)
 2 SYSTEMPATH\View\View.php(226): include('C:\\wamp64\\www\\ProjetMadeInValDeLoire\\app\\Views\\salle_5\\Enigme.php')
 3 SYSTEMPATH\View\View.php(229): CodeIgniter\View\View->CodeIgniter\View\{closure}()
 4 SYSTEMPATH\Common.php(1167): CodeIgniter\View\View->render('salle_5/Enigme', [], true)
 5 APPPATH\Controllers\salle_5\Salle5Controller.php(91): view('salle_5/Enigme', [...])
 6 SYSTEMPATH\CodeIgniter.php(933): App\Controllers\salle_5\Salle5Controller->enigme('6')
 7 SYSTEMPATH\CodeIgniter.php(507): CodeIgniter\CodeIgniter->runController(Object(App\Controllers\salle_5\Salle5Controller))
 8 SYSTEMPATH\CodeIgniter.php(354): CodeIgniter\CodeIgniter->handleRequest(null, Object(Config\Cache), false)
 9 SYSTEMPATH\Boot.php(363): CodeIgniter\CodeIgniter->run()
10 SYSTEMPATH\Boot.php(68): CodeIgniter\Boot::runCodeIgniter(Object(CodeIgniter\CodeIgniter))
11 FCPATH\index.php(59): CodeIgniter\Boot::bootWeb(Object(Config\Paths))
DEBUG - 2025-11-04 19:32:43 --> Session: Class initialized using 'CodeIgniter\Session\Handlers\FileHandler' driver.
